<?xml version="1.0" encoding="UTF-8"?>
<beans xmlns="http://www.springframework.org/schema/beans"
	xmlns:xsi="http://www.w3.org/2001/XMLSchema-instance"
	xmlns:p="http://www.springframework.org/schema/p"
	xmlns:util="http://www.springframework.org/schema/util"
	xsi:schemaLocation="http://www.springframework.org/schema/beans 
					http://www.springframework.org/schema/beans/spring-beans.xsd
					http://www.springframework.org/schema/util 
					http://www.springframework.org/schema/util/spring-util.xsd">
	
	<bean id="dataSource" class="org.springframework.jdbc.datasource.DriverManagerDataSource"
		p:driverClassName="${db.driver_class}"
		p:url="${db.url}"
		p:username="${db.username}"
		p:password="${db.password}" />
		
	<bean id="entityManagerFactory" name="shopizerContainer" class="org.springframework.orm.jpa.LocalContainerEntityManagerFactoryBean">

		<property name="dataSource" ref="dataSource" />
		
		<property name="packagesToScan" value="me.alanx.ecomer.core.model" />

		<property name="jpaVendorAdapter">
			<bean class="org.springframework.orm.jpa.vendor.HibernateJpaVendorAdapter">
				<property name="showSql" value="true" />
				<property name="generateDdl" value="false" />
				<property name="databasePlatform" value="${hibernate.dialect}" />
			</bean>
		</property>
		<property name="jpaProperties">
			<util:map>
				<entry key="hibernate.default_schema" value="${db.schema}" />
				<entry key="hibernate.hbm2ddl.auto" value="${hibernate.hbm2ddl.auto}" />
				<entry key="hibernate.show_sql" value="true" />
				<entry key="hibernate.cache.provider_class" value="org.hibernate.cache.EhCacheProvider" />
				<entry key="hibernate.cache.use_second_level_cache" value="false" />
				<entry key="hibernate.physical_naming_strategy" value="${hibernate.physical_naming_strategy}" />
				<!-- <entry key="hibernate.id.new_generator_mappings" value="true" /> -->
				<!-- <entry key="javax.persistence.schema-generation.database.action" value="drop-and-create" /> -->
				<!-- <entry key="javax.persistence.schema-generation.create-source" value="script" /> -->
				<!-- <entry key="javax.persistence.schema-generation.create-script-source" value="META-INF/sql/create.sql" /> -->
				<!-- <entry key="javax.persistence.schema-generation.drop-source" value="script" /> -->
				<!-- <entry key="javax.persistence.schema-generation.drop-script-source" value="META-INF/sql/drop.sql" /> -->
				<!-- <entry key="javax.persistence.sql-load-script-source" value="" /> -->
			</util:map>
		</property>
		<property name="loadTimeWeaver">
			<bean class="org.springframework.instrument.classloading.InstrumentationLoadTimeWeaver" />
		</property>
	</bean>
	
	<bean id="transactionManager" class="org.springframework.orm.jpa.JpaTransactionManager" 
		p:entityManagerFactory-ref="entityManagerFactory" 
		p:nestedTransactionAllowed="false" />

</beans>
