<?xml version="1.0" encoding="UTF-8"?>
<beans xmlns="http://www.springframework.org/schema/beans"
	xmlns:xsi="http://www.w3.org/2001/XMLSchema-instance" 
	xmlns:context="http://www.springframework.org/schema/context"
	xmlns:p="http://www.springframework.org/schema/p"
	xsi:schemaLocation="http://www.springframework.org/schema/beans 
					http://www.springframework.org/schema/beans/spring-beans.xsd
					http://www.springframework.org/schema/context
					http://www.springframework.org/schema/context/spring-context.xsd">

	<!-- <context:component-scan base-package="me.alanx.ecomer.test" /> -->


	<!-- <bean id="cacheManager" class="org.springframework.cache.ehcache.EhCacheCacheManager"
		p:cache-manager-ref="ehcache" />

	<bean id="ehcache" class="org.springframework.cache.ehcache.EhCacheManagerFactoryBean"
		p:config-location="ehcache.xml" /> -->
		
	

</beans>
